Log file open, 07/07/17 17:17:37
LogInit:Display: Running engine for game: BattleTankGame
LogPlatformFile: Not using cached read wrapper
LogInit:Display: RandInit(259595241) SRandInit(259595241).
LogTaskGraph: Started task graph with 5 named threads and 8 total threads with 1 sets of task threads.
LogStats: Stats thread started at 0.097866
LogInit: Using libcurl 7.47.1
LogInit:  - built for x86_64-pc-win32
LogInit:  - supports SSL with OpenSSL/1.0.2g
LogInit:  - supports HTTP deflate (compression) using libz 1.2.8
LogInit:  - other features:
LogInit:      CURL_VERSION_SSL
LogInit:      CURL_VERSION_LIBZ
LogInit:      CURL_VERSION_IPV6
LogInit:      CURL_VERSION_ASYNCHDNS
LogInit:      CURL_VERSION_LARGEFILE
LogInit:      CURL_VERSION_IDN
LogInit:  CurlRequestOptions (configurable via config and command line):
LogInit:  - bVerifyPeer = false  - Libcurl will NOT verify peer certificate
LogInit:  - bUseHttpProxy = false  - Libcurl will NOT use HTTP proxy
LogInit:  - bDontReuseConnections = false  - Libcurl will reuse connections
LogInit:  - CertBundlePath = nullptr  - Libcurl will use whatever was configured at build time.
LogInit: Build: ++UE4+Release-4.16-CL-3514769
LogInit: Engine Version: 4.16.2-3514769+++UE4+Release-4.16
LogInit: Compatible Engine Version: 4.16.0-3452394+++UE4+Release-4.16
LogInit: Net CL: 3452394
LogDevObjectVersion: Number of dev versions registered: 16
LogDevObjectVersion:   Dev-Blueprints (B0D832E4-1F89-4F0D-ACCF-7EB736FD4AA2): 9
LogDevObjectVersion:   Dev-Build (E1C64328-A22C-4D53-A36C-8E866417BD8C): 0
LogDevObjectVersion:   Dev-Core (375EC13C-06E4-48FB-B500-84F0262A717E): 2
LogDevObjectVersion:   Dev-Editor (E4B068ED-F494-42E9-A231-DA0B2E46BB41): 17
LogDevObjectVersion:   Dev-Framework (CFFC743F-43B0-4480-9391-14DF171D2073): 23
LogDevObjectVersion:   Dev-Mobile (B02B49B5-BB20-44E9-A304-32B752E40360): 0
LogDevObjectVersion:   Dev-Networking (A4E4105C-59A1-49B5-A7C5-40C4547EDFEE): 0
LogDevObjectVersion:   Dev-Online (39C831C9-5AE6-47DC-9A44-9C173E1C8E7C): 0
LogDevObjectVersion:   Dev-Physics (78F01B33-EBEA-4F98-B9B4-84EACCB95AA2): 0
LogDevObjectVersion:   Dev-Platform (6631380F-2D4D-43E0-8009-CF276956A95A): 0
LogDevObjectVersion:   Dev-Rendering (12F88B9F-8875-4AFC-A67C-D90C383ABD29): 15
LogDevObjectVersion:   Dev-Sequencer (7B5AE74C-D270-4C10-A958-57980B212A5A): 4
LogDevObjectVersion:   Dev-VR (D7296918-1DD6-4BDD-9DE2-64A83CC13884): 0
LogDevObjectVersion:   Dev-LoadTimes (C2A15278-BFE7-4AFE-6C17-90FF531DF755): 1
LogDevObjectVersion:   Private-Geometry (6EACA3D4-40EC-4CC1-B786-8BED09428FC5): 1
LogDevObjectVersion:   Dev-AnimPhys (29E575DD-E0A3-4627-9D10-D276232CDCEA): 3
LogInit: Compiled (64-bit): Jun 29 2017 02:03:24
LogInit: Compiled with Visual C++: 19.00.24215.01
LogInit: Build Configuration: Development
LogInit: Branch Name: ++UE4+Release-4.16
LogInit: Command line: -EpicPortal 
LogInit: Base directory: C:/Program Files/Epic Games/UE_4.16/Engine/Binaries/Win64/
LogInit: Installed Engine Build: 1
LogInit: Presizing for max 8388607 objects, including 0 objects not considered by GC, pre-allocating 0 bytes for permanent pool.
LogInit: Object subsystem initialized
[2017.07.07-21.17.39:541][  0]LogInit: Selected Device Profile: [Windows]
[2017.07.07-21.17.39:541][  0]LogInit: Applying CVar settings loaded from the selected device profile: [Windows]
[2017.07.07-21.17.39:591][  0]LogInit: Computer: R902FG1H
[2017.07.07-21.17.39:591][  0]LogInit: User: Student
[2017.07.07-21.17.39:591][  0]LogInit: CPU Page size=4096, Cores=4
[2017.07.07-21.17.39:591][  0]LogInit: High frequency timer resolution =2.338378 MHz
[2017.07.07-21.17.39:592][  0]LogMemory: Memory total: Physical=7.6GB (8GB approx)
[2017.07.07-21.17.39:592][  0]LogMemory: Platform Memory Stats for Windows
[2017.07.07-21.17.39:592][  0]LogMemory: Process Physical Memory: 275.16 MB used, 275.16 MB peak
[2017.07.07-21.17.39:592][  0]LogMemory: Process Virtual Memory: 263.92 MB used, 263.92 MB peak
[2017.07.07-21.17.39:592][  0]LogMemory: Physical Memory: 6409.25 MB used,  1407.96 MB free, 7817.21 MB total
[2017.07.07-21.17.39:592][  0]LogMemory: Virtual Memory: 622.53 MB used,  1407.96 MB free, 8388608.00 MB total
[2017.07.07-21.17.40:941][  0]LogInit: Using OS detected language (en-US).
[2017.07.07-21.17.40:941][  0]LogInit: Using OS detected locale (en-US).
[2017.07.07-21.17.41:083][  0]LogTextLocalizationManager: No specific localization for 'en-US' exists, so the 'en' localization will be used.
[2017.07.07-21.17.49:575][  0]LogD3D11RHI: D3D11 adapters:
[2017.07.07-21.17.49:659][  0]LogD3D11RHI:    0. 'Intel(R) HD Graphics Family' (Feature Level 11_0)
[2017.07.07-21.17.49:659][  0]LogD3D11RHI:       64/0/1632 MB DedicatedVideo/DedicatedSystem/SharedSystem, Outputs:1, VendorId:0x8086
[2017.07.07-21.17.49:659][  0]LogD3D11RHI: Chosen D3D11 Adapter: 0
[2017.07.07-21.17.49:667][  0]LogD3D11RHI: Creating new Direct3DDevice
[2017.07.07-21.17.49:667][  0]LogD3D11RHI:     GPU DeviceId: 0x416 (for the marketing name, search the web for "GPU Device Id")
[2017.07.07-21.17.49:667][  0]LogWindows: EnumDisplayDevices:
[2017.07.07-21.17.49:667][  0]LogWindows:    0. 'Intel(R) HD Graphics Family' (P:1 D:1)
[2017.07.07-21.17.49:667][  0]LogWindows:    1. 'Intel(R) HD Graphics Family' (P:0 D:0)
[2017.07.07-21.17.49:667][  0]LogWindows:    2. 'Intel(R) HD Graphics Family' (P:0 D:0)
[2017.07.07-21.17.49:667][  0]LogWindows:    3. 'RDPDD Chained DD' (P:0 D:0)
[2017.07.07-21.17.49:667][  0]LogWindows:    4. 'RDP Encoder Mirror Driver' (P:0 D:0)
[2017.07.07-21.17.49:667][  0]LogWindows:    5. 'RDP Reflector Display Driver' (P:0 D:0)
[2017.07.07-21.17.49:667][  0]LogWindows: DebugString: GetVideoDriverDetailsInvalid PrimaryIsNotTheChoosenAdapter GetVideoDriverDetailsInvalid PrimaryIsNotTheChoosenAdapter GetVideoDriverDetailsInvalid PrimaryIsNotTheChoosenAdapter FoundDriverCount:3 
[2017.07.07-21.17.49:667][  0]LogD3D11RHI:     Adapter Name: Intel(R) HD Graphics Family
[2017.07.07-21.17.49:667][  0]LogD3D11RHI:   Driver Version: 9.18.10.3272 (internal:9.18.10.3272, unified:9.18.10.3272)
[2017.07.07-21.17.49:667][  0]LogD3D11RHI:      Driver Date: 8-8-2013
[2017.07.07-21.17.49:667][  0]LogRHI: Texture pool is 616 MB (70% of 880 MB)
[2017.07.07-21.17.49:674][  0]LogD3D11RHI: Async texture creation enabled
[2017.07.07-21.17.49:683][  0]LogD3D11RHI: GPU Timing Frequency: 12.500000 (Debug: 2 0)
[2017.07.07-21.17.49:683][  0]LogShaderCompilers: Guid format shader working directory is -50 characters bigger than the processId version (../../../../../../Users/Student/Documents/Unreal Projects/repos/BT04_BattleTankGame/BattleTankGame/Intermediate/Shaders/WorkingDirectory/9356/).
[2017.07.07-21.17.49:683][  0]LogShaderCompilers: Cleaned the shader compiler working directory 'C:/Users/Student/AppData/Local/Temp/UnrealShaderWorkingDir/4A9CFC094F8ECAD74CD8D394BA0B2245/'.
[2017.07.07-21.17.49:683][  0]LogShaderCompilers:Display: Using Local Shader Compiler.
[2017.07.07-21.17.58:283][  0]LogTemp:Display: Loaded TP AllDesktopTargetPlatform
[2017.07.07-21.17.58:343][  0]LogTemp:Display: Loaded TP MacClientTargetPlatform
[2017.07.07-21.17.58:392][  0]LogTemp:Display: Loaded TP MacNoEditorTargetPlatform
[2017.07.07-21.17.58:438][  0]LogTemp:Display: Loaded TP MacServerTargetPlatform
[2017.07.07-21.17.58:522][  0]LogTemp:Display: Loaded TP MacTargetPlatform
[2017.07.07-21.17.58:568][  0]LogTemp:Display: Loaded TP WindowsClientTargetPlatform
[2017.07.07-21.17.58:617][  0]LogTemp:Display: Loaded TP WindowsNoEditorTargetPlatform
[2017.07.07-21.17.58:667][  0]LogTemp:Display: Loaded TP WindowsServerTargetPlatform
[2017.07.07-21.17.58:741][  0]LogTemp:Display: Loaded TP WindowsTargetPlatform
[2017.07.07-21.17.58:831][  0]LogTemp:Display: Loaded TP AndroidTargetPlatform
[2017.07.07-21.17.58:923][  0]LogTemp:Display: Loaded TP Android_ASTCTargetPlatform
[2017.07.07-21.17.58:995][  0]LogTemp:Display: Loaded TP Android_ATCTargetPlatform
[2017.07.07-21.17.59:068][  0]LogTemp:Display: Loaded TP Android_DXTTargetPlatform
[2017.07.07-21.17.59:180][  0]LogTemp:Display: Loaded TP Android_ETC1TargetPlatform
[2017.07.07-21.17.59:294][  0]LogTemp:Display: Loaded TP Android_ETC2TargetPlatform
[2017.07.07-21.17.59:485][  0]LogTemp:Display: Loaded TP Android_MultiTargetPlatform
[2017.07.07-21.17.59:485][  0]LogTemp:Display: Loaded TP Android_PVRTCTargetPlatform
[2017.07.07-21.17.59:587][  0]LogTemp:Display: Loaded TP HTML5TargetPlatform
[2017.07.07-21.17.59:788][  0]LogTemp:Display: Loaded TP IOSTargetPlatform
[2017.07.07-21.17.59:815][  0]LogTemp:Display: Loaded TP TVOSTargetPlatform
[2017.07.07-21.17.59:886][  0]LogTemp:Display: Loaded TP LinuxClientTargetPlatform
[2017.07.07-21.17.59:980][  0]LogTemp:Display: Loaded TP LinuxNoEditorTargetPlatform
[2017.07.07-21.18.00:064][  0]LogTemp:Display: Loaded TP LinuxServerTargetPlatform
[2017.07.07-21.18.00:146][  0]LogTemp:Display: Loaded TP LinuxTargetPlatform
[2017.07.07-21.18.00:146][  0]LogTargetPlatformManager:Display: Building Assets For Windows
[2017.07.07-21.18.04:151][  0]LogDerivedDataCache:Display: Max Cache Size: 512 MB
[2017.07.07-21.18.04:257][  0]LogDerivedDataCache: Loaded boot cache 0.11s 90MB C:/Users/Student/AppData/Local/UnrealEngine/4.16/DerivedDataCache/Boot.ddc.
[2017.07.07-21.18.04:257][  0]LogDerivedDataCache:Display: Loaded Boot cache: C:/Users/Student/AppData/Local/UnrealEngine/4.16/DerivedDataCache/Boot.ddc
[2017.07.07-21.18.04:258][  0]LogDerivedDataCache: FDerivedDataBackendGraph:  Pak pak cache file ../../../../../../Users/Student/Documents/Unreal Projects/repos/BT04_BattleTankGame/BattleTankGame/DerivedDataCache/DDC.ddp not found, will not use a pak cache.
[2017.07.07-21.18.04:258][  0]LogDerivedDataCache: Unable to find inner node Pak for hierarchical cache Hierarchy.
[2017.07.07-21.18.04:258][  0]LogDerivedDataCache: FDerivedDataBackendGraph:  CompressedPak pak cache file ../../../../../../Users/Student/Documents/Unreal Projects/repos/BT04_BattleTankGame/BattleTankGame/DerivedDataCache/Compressed.ddp not found, will not use a pak cache.
[2017.07.07-21.18.04:258][  0]LogDerivedDataCache: Unable to find inner node CompressedPak for hierarchical cache Hierarchy.
[2017.07.07-21.18.04:334][  0]LogDerivedDataCache:Display: Pak cache opened for reading ../../../Engine/DerivedDataCache/Compressed.ddp.
[2017.07.07-21.18.04:345][  0]LogDerivedDataCache: Using Local data cache path C:/Users/Student/AppData/Local/UnrealEngine/Common/DerivedDataCache: Writable
[2017.07.07-21.18.04:356][  0]LogMaterial: Verifying Global Shaders for PCD3D_SM5
[2017.07.07-21.18.04:356][  0]LogSlate: Using Freetype 2.6.0
[2017.07.07-21.18.04:378][  0]LogSlate: SlateFontCache - WITH_FREETYPE: 1, WITH_HARFBUZZ: 1
[2017.07.07-21.18.04:378][  0]LogSlate: SlateFontCache - WITH_FREETYPE: 1, WITH_HARFBUZZ: 1
[2017.07.07-21.18.24:786][  0]LogInit: Selected Device Profile: [Windows]
[2017.07.07-21.18.24:791][  0]LogContentStreaming: Texture pool size is 0.00 MB
[2017.07.07-21.18.25:211][  0]LogMeshUtilities: Using QuadricMeshReduction for automatic static mesh reduction
[2017.07.07-21.18.25:323][  0]LogSimplygon: Simplygon DLL not present - disabling.
[2017.07.07-21.18.25:396][  0]LogMeshUtilities: Using SimplygonSwarm for distributed automatic mesh merging
[2017.07.07-21.18.25:396][  0]LogMeshUtilities: No automatic skeletal mesh reduction module available
[2017.07.07-21.18.25:396][  0]LogMeshUtilities: No automatic mesh merging module available
[2017.07.07-21.18.26:320][  0]LogNetVersion: BattleTankGame , NetCL: 3452394, EngineNetVer: 2, GameNetVer: 0 (Checksum: 1751818422)
[2017.07.07-21.18.26:376][  0]LogAssetRegistry: FAssetRegistry took 0.0246 seconds to start up
[2017.07.07-21.18.26:426][  0]LogPackageLocalizationCache: Processed 4 localized package path(s) for 2 prioritized culture(s) in 0.029521 seconds
[2017.07.07-21.18.26:432][  0]LogUObjectArray: 34194 objects as part of root set at end of initial load.
[2017.07.07-21.18.26:432][  0]LogUObjectAllocator: 7260416 out of 0 bytes used by permanent object pool.
[2017.07.07-21.18.26:432][  0]LogUObjectArray: CloseDisregardForGC: 0/0 objects in disregard for GC pool
[2017.07.07-21.18.26:486][  0]LogInit: WinSock: version 1.1 (2.2), MaxSocks=32767, MaxUdp=65467
[2017.07.07-21.18.29:048][  0]LogSubstanceCoreModule: Substance [CPU] Engine Loaded, Max Texture Size = 2048
[2017.07.07-21.18.29:127][  0]LogTcpMessaging: Initializing TcpMessaging bridge
[2017.07.07-21.18.29:159][  0]LogUdpMessaging: Initializing bridge on interface 0.0.0.0:0 to multicast group 230.0.0.1:6666.
[2017.07.07-21.18.29:646][  0]LogMaterial: Uniform references updated for custom material expression Custom.
[2017.07.07-21.18.30:004][  0]SourceControl: Info Source control is disabled
[2017.07.07-21.18.30:402][  0]SourceControl: Info Source control is disabled
[2017.07.07-21.18.30:438][  0]SourceControl: Info Source control is disabled
[2017.07.07-21.18.30:473][  0]SourceControl: Info Source control is disabled
[2017.07.07-21.18.31:029][  0]LogAndroidPermission: UAndroidPermissionCallbackProxy::GetInstance
[2017.07.07-21.18.31:653][  0]LogEngine: Initializing Engine...
[2017.07.07-21.18.31:653][  0]LogHMD: Failed to initialize OpenVR with code 110
[2017.07.07-21.18.31:940][  0]LogStats: UGameplayTagsManager::ConstructGameplayTagTree: Construct from data asset -  0.000 s
[2017.07.07-21.18.31:940][  0]LogStats: UGameplayTagsManager::ConstructGameplayTagTree: GameplayTagTreeChangedEvent.Broadcast -  0.000 s
[2017.07.07-21.18.32:186][  0]LogAIModule: Creating AISystem for world Untitled
[2017.07.07-21.18.32:194][  0]LogInit: XAudio2 using 'Speaker/HP (Realtek High Definition Audio)' : 2 channels at 48 kHz using 32 bits per sample (channel mask 0x3)
[2017.07.07-21.18.32:227][  0]LogInit: FAudioDevice initialized.
[2017.07.07-21.18.32:358][  0]LogDerivedDataCache: Saved boot cache 0.13s 90MB C:/Users/Student/AppData/Local/UnrealEngine/4.16/DerivedDataCache/Boot.ddc.
[2017.07.07-21.18.32:365][  0]LogInit: Texture streaming: Enabled
[2017.07.07-21.18.32:440][  0]LogEngineSessionManager: EngineSessionManager initialized
[2017.07.07-21.18.32:613][  0]LogInit: Transaction tracking system initialized
[2017.07.07-21.18.32:873][  0]BlueprintLog: New page: Editor Load
[2017.07.07-21.18.33:647][  0]LocalizationService: Info Localization service is disabled
[2017.07.07-21.18.34:548][  0]LogConsoleResponse:Display: 
[2017.07.07-21.18.35:468][  0]LogFileCache: Scanning file cache for directory 'C:/Users/Student/Documents/Unreal Projects/repos/BT04_BattleTankGame/BattleTankGame/Content/' took 0.01s
[2017.07.07-21.18.35:468][  0]LogCook:Display: Max memory allowance for cook 16384mb min free memory 0mb
[2017.07.07-21.18.35:468][  0]LogCook:Display: Mobile HDR setting 1
[2017.07.07-21.18.36:492][  0]SourceControl: Info Source control is disabled
[2017.07.07-21.18.36:492][  0]Cmd: MAP LOAD FILE="../../../Engine/Content/Maps/Templates/Template_Default.umap" TEMPLATE=1 SHOWPROGRESS=1 FEATURELEVEL=3
[2017.07.07-21.18.36:492][  0]LightingResults: New page: Lighting Build
[2017.07.07-21.18.36:524][  0]MapCheck: New page: Map Check
[2017.07.07-21.18.36:524][  0]LightingResults: New page: Lighting Build
[2017.07.07-21.18.36:720][  0]LogAIModule: Creating AISystem for world Untitled_1
[2017.07.07-21.18.36:721][  0]LogActorComponent: RegisterComponentWithWorld: (/Temp/Untitled_1.Untitled_1:PersistentLevel.WorldSettings_1.StaticMeshComponent0) Trying to register component with IsPendingKill() == true. Aborting.
[2017.07.07-21.18.36:724][  0]LogEditorServer: Finished looking for orphan Actors (0.000 secs)
[2017.07.07-21.18.36:752][  0]Cmd: MAP CHECKDEP NOCLEARLOG
[2017.07.07-21.18.36:790][  0]MapCheck: Info Map check complete: 0 Error(s), 0 Warning(s), took 38.35ms to complete.
[2017.07.07-21.18.36:790][  0]LogFileHelpers: Loading map 'Template_Default' took 0.299
[2017.07.07-21.18.36:915][  0]LogCollectionManager: Loaded 0 collections in 0.001381 seconds
[2017.07.07-21.18.36:988][  0]LogFileCache: Scanning file cache for directory 'C:/Users/Student/Documents/Unreal Projects/repos/BT04_BattleTankGame/BattleTankGame/Saved/Collections/' took 0.01s
[2017.07.07-21.18.36:988][  0]LogFileCache: Scanning file cache for directory 'C:/Users/Student/Documents/Unreal Projects/repos/BT04_BattleTankGame/BattleTankGame/Content/Developers/Student/Collections/' took 0.01s
[2017.07.07-21.18.36:988][  0]LogFileCache: Scanning file cache for directory 'C:/Users/Student/Documents/Unreal Projects/repos/BT04_BattleTankGame/BattleTankGame/Content/Collections/' took 0.01s
[2017.07.07-21.18.36:988][  0]LogCollectionManager: Rebuilt the GUID cache for 0 collections in 0.000002 seconds
[2017.07.07-21.18.36:999][  0]LogContentBrowser: Native class hierarchy populated in 0.0100 seconds. Added 2344 classes and 499 folders.
[2017.07.07-21.18.37:055][  0]LogContentBrowser: Native class hierarchy updated for 'WidgetCarousel' in 0.0011 seconds. Added 0 classes and 0 folders.
[2017.07.07-21.18.37:088][  0]LogContentBrowser: Native class hierarchy updated for 'AddContentDialog' in 0.0010 seconds. Added 0 classes and 0 folders.
[2017.07.07-21.18.37:171][  0]LogCrashTracker: Crashtracker disabled due to settings.
[2017.07.07-21.18.37:178][  0]LogDirectoryWatcher:Warning: Failed to begin reading directory changes for ../../../../../../Users/Student/Documents/Unreal Projects/repos/BT04_BattleTankGame/BattleTankGame/Plugins/. Error: The system cannot find the file specified. (0x00000002)
[2017.07.07-21.18.37:180][  0]LogSlate: Took 0.000130 seconds to synchronously load lazily loaded font '../../../Engine/Content/Slate/Fonts/Roboto-Regular.ttf' (155K)
[2017.07.07-21.18.37:182][  0]LogSlate: Took 0.000116 seconds to synchronously load lazily loaded font '../../../Engine/Content/Slate/Fonts/Roboto-Bold.ttf' (160K)
[2017.07.07-21.18.37:189][  0]LogSlate: Took 0.000233 seconds to synchronously load lazily loaded font '../../../Engine/Content/Editor/Slate/Fonts/FontAwesome.ttf' (139K)
[2017.07.07-21.18.37:298][  0]LogRenderer: Reallocating scene render targets to support 1208x568 NumSamples 1 (Frame:1).
[2017.07.07-21.18.38:201][  0]LogUObjectGlobals:Warning: Failed to find object 'Class None.'
[2017.07.07-21.18.38:536][  0]LogContentBrowser: Native class hierarchy updated for 'HierarchicalLODOutliner' in 0.0011 seconds. Added 1 classes and 2 folders.
[2017.07.07-21.18.38:536][  0]LogLoad: (Engine Initialization) Total time: 69.52 seconds
[2017.07.07-21.18.38:536][  0]LogLoad: (Engine Initialization) Total Blueprint compile time: 0.08 seconds
[2017.07.07-21.18.38:536][  0]LogExternalProfiler: Found external profiler: VSPerf
[2017.07.07-21.18.38:536][  0]LogExternalProfiler: Using external profiler: VSPerf
[2017.07.07-21.18.38:875][  0]LogOcInput: OculusInput pre-init called
[2017.07.07-21.18.38:875][  0]LogHMD: Starting GearVRController plugin
[2017.07.07-21.18.38:890][  0]LogAssetRegistry: Asset discovery search completed in 12.5346 seconds
[2017.07.07-21.18.38:892][  0]LogCollectionManager: Rebuilt the object cache for 0 collections in 0.000001 seconds (found 0 objects)
[2017.07.07-21.18.38:892][  0]LogCollectionManager: Fixed up redirectors for 0 collections in 0.000053 seconds (updated 0 objects)
[2017.07.07-21.18.38:896][  0]LogContentStreaming: Texture pool size now 600 MB
[2017.07.07-21.19.29:125][209]LogDirectoryWatcher: A directory notification for '../../../Engine/Plugins/' was aborted.
[2017.07.07-21.19.31:462][276]LogEditorViewport: Clicking on Actor (LMB): StaticMeshActor (Floor)
[2017.07.07-21.19.32:354][276]LogEditorViewport: Clicking on Actor (LMB): StaticMeshActor (Floor)
[2017.07.07-21.19.32:874][277]LogEditorViewport: Clicking on Actor (LMB): StaticMeshActor (Floor)
[2017.07.07-21.19.41:768][398]LogEditorViewport: Clicking on Actor (LMB): StaticMeshActor (Floor)
[2017.07.07-21.19.43:145][432]Cmd: DELETE
[2017.07.07-21.19.43:145][432]Cmd: ACTOR DELETE
[2017.07.07-21.19.43:368][432]LogEditorActor: Deleted Actor: StaticMeshActor
[2017.07.07-21.19.43:483][432]LogEditorActor: Deleted 1 Actors (0.134 secs)
[2017.07.07-21.20.26:030][ 64]LogMaterial: Missing cached shader map for material LayerVisMaterial, compiling. 
[2017.07.07-21.20.26:318][ 64]LogMaterial: Missing cached shader map for material SelectBrushMaterial, compiling. 
[2017.07.07-21.20.26:440][ 64]LogMaterial: Missing cached shader map for material SelectBrushMaterial, compiling. 
[2017.07.07-21.20.26:543][ 64]LogMaterial: Missing cached shader map for material MaskBrushMaterial, compiling. 
[2017.07.07-21.20.26:671][ 64]LogMaterial: Missing cached shader map for material LandscapeLayerUsageMaterial, compiling. 
[2017.07.07-21.20.26:952][ 64]LogMaterial: Missing cached shader map for material CircleBrushMaterial, compiling. 
[2017.07.07-21.20.26:984][ 64]LogMaterial: Missing cached shader map for material CircleBrushMaterial, compiling. 
[2017.07.07-21.20.27:011][ 64]LogMaterial: Missing cached shader map for material CircleBrushMaterial, compiling. 
[2017.07.07-21.20.27:075][ 64]LogMaterial: Missing cached shader map for material CircleBrushMaterial, compiling. 
[2017.07.07-21.20.27:241][ 64]LogMaterial: Missing cached shader map for material AlphaBrushMaterial, compiling. 
[2017.07.07-21.20.27:389][ 64]LogMaterial: Missing cached shader map for material CircleBrushMaterial, compiling. 
[2017.07.07-21.20.27:493][ 64]LogMaterial: Missing cached shader map for material MaskBrushMaterial, compiling. 
[2017.07.07-21.20.27:698][ 64]LogTexture:Display: Building textures: Texture2D_2 (G8, 128X128)
[2017.07.07-21.20.28:312][ 65]LogEditorSelectUtils:Warning: SelectActor: The requested operation could not be completed because the actor has invalid flags. (Landscape)
[2017.07.07-21.20.28:312][ 65]LogActorComponent: RegisterComponentWithWorld: (/Temp/Untitled_1.Untitled_1:PersistentLevel.Landscape_2.RootComponent0) Trying to register component with IsPendingKill() == true. Aborting.
[2017.07.07-21.20.28:313][ 65]LogEditorSelectUtils:Warning: SelectActor: The requested operation could not be completed because the actor has invalid flags. (Landscape)
[2017.07.07-21.24.53:221][283]LogContentBrowser: Native class hierarchy updated for 'SceneOutliner' in 0.0014 seconds. Added 1 classes and 2 folders.
[2017.07.07-21.25.20:921][457]LogSlate: Took 0.013040 seconds to synchronously load lazily loaded font '../../../Engine/Content/Slate/Fonts/Roboto-Light.ttf' (159K)
[2017.07.07-21.25.22:460][457]LogSavePackage: Save=251.02ms
[2017.07.07-21.25.22:460][457]LogSavePackage: Moving '../../../../../../Users/Student/Documents/Unreal Projects/repos/BT04_BattleTankGame/BattleTankGame/Saved/BattleTankGameE0C89A6C4BEA2995D66A838FFD8ABEE2.tmp' to '../../../../../../Users/Student/Documents/Unreal Projects/repos/BT04_BattleTankGame/BattleTankGame/Content/BattleTankGame.umap'
[2017.07.07-21.25.22:461][457]LogSavePackage:Display: Finished SavePackage ../../../../../../Users/Student/Documents/Unreal Projects/repos/BT04_BattleTankGame/BattleTankGame/Content/BattleTankGame.umap
[2017.07.07-21.25.22:487][457]LogFileHelpers: Saving map 'BattleTankGame' took 1.683
[2017.07.07-21.25.22:627][462]LogSlate: Took 0.000164 seconds to synchronously load lazily loaded font '../../../Engine/Content/Slate/Fonts/Roboto-Light.ttf' (159K)
[2017.07.07-21.25.35:775][830]LogSlate: Only BGRA pngs, bmps or icos are supported in by External Image Picker
[2017.07.07-21.25.35:981][835]LogTemp: Executing iPhonePackager certificates Engine -bundlename com.YourCompany.BattleTankGame
[2017.07.07-21.25.35:981][835]LogTemp: CWD: C:\Program Files\Epic Games\UE_4.16\Engine\Binaries\DotNET\IOS
[2017.07.07-21.25.35:981][835]LogTemp: Initial Dir: C:\Program Files\Epic Games\UE_4.16
[2017.07.07-21.25.35:981][835]LogTemp: Env CWD: C:\Program Files\Epic Games\UE_4.16\Engine\Binaries\DotNET\IOS
[2017.07.07-21.25.35:981][835]LogTemp: BranchPath = R902FG1H/C/Program Files/Epic Games/UE_4.16/Engine/Binaries --- GameBranchPath = R902FG1H/C/Program Files/Epic Games/UE_4.16/Engine/Binaries
[2017.07.07-21.25.35:982][835]LogTemp: IPP ERROR: Could not find provision directory 'C:\Users\Student\AppData\Local/Apple Computer/MobileDevice/Provisioning Profiles/'.
[2017.07.07-21.25.44:396][151]LogSlate: Took 0.000183 seconds to synchronously load lazily loaded font '../../../Engine/Content/Slate/Fonts/Roboto-Light.ttf' (159K)
[2017.07.07-21.25.53:378][521]LogSavePackage: Save=24.44ms
[2017.07.07-21.25.53:378][521]LogSavePackage: Moving '../../../../../../Users/Student/Documents/Unreal Projects/repos/BT04_BattleTankGame/BattleTankGame/Saved/BattleTankGame35EFAC674A979A1785299F8E90E5E316.tmp' to '../../../../../../Users/Student/Documents/Unreal Projects/repos/BT04_BattleTankGame/BattleTankGame/Content/BattleTankGame.umap'
[2017.07.07-21.25.53:378][521]LogSavePackage:Display: Finished SavePackage ../../../../../../Users/Student/Documents/Unreal Projects/repos/BT04_BattleTankGame/BattleTankGame/Content/BattleTankGame.umap
[2017.07.07-21.25.55:676][585]Cmd: QUIT_EDITOR
[2017.07.07-21.25.55:902][585]LogExit: Preparing to exit.
[2017.07.07-21.25.56:617][585]LogDirectoryWatcher: A directory notification for 'C:/Users/Student/Documents/Unreal Projects/repos/BT04_BattleTankGame/BattleTankGame/Content/' was aborted.
[2017.07.07-21.25.56:773][585]LogExit: Editor shut down
[2017.07.07-21.25.56:778][585]LogExit: Transaction tracking system shut down
[2017.07.07-21.25.58:132][585]LogObj: Freed 0b from 0 cluster array pools.
[2017.07.07-21.25.58:132][585]LogExit: Object subsystem successfully closed.
[2017.07.07-21.25.58:321][585]LogD3D11RHI: Shutdown
[2017.07.07-21.25.58:321][585]LogD3D11RHI: CleanupD3DDevice
[2017.07.07-21.25.58:520][585]LogD3D11RHI: ~FD3D11DynamicRHI
[2017.07.07-21.25.58:737][585]LogModuleManager: Shutting down and abandoning module ExternalImagePicker (532)
[2017.07.07-21.25.58:737][585]LogModuleManager: Shutting down and abandoning module SceneOutliner (530)
[2017.07.07-21.25.58:737][585]LogModuleManager: Shutting down and abandoning module HierarchicalLODOutliner (528)
[2017.07.07-21.25.58:737][585]LogModuleManager: Shutting down and abandoning module CrashTracker (526)
[2017.07.07-21.25.58:738][585]LogModuleManager: Shutting down and abandoning module AddContentDialog (524)
[2017.07.07-21.25.58:821][585]LogDirectoryWatcher: A directory notification for 'C:/Program Files/Epic Games/UE_4.16/FeaturePacks/' was aborted.
[2017.07.07-21.25.58:830][585]LogModuleManager: Shutting down and abandoning module WidgetCarousel (523)
[2017.07.07-21.25.58:830][585]LogModuleManager: Shutting down and abandoning module EditorWidgets (520)
[2017.07.07-21.25.58:830][585]LogModuleManager: Shutting down and abandoning module CollectionManager (518)
[2017.07.07-21.25.58:830][585]LogDirectoryWatcher: A directory notification for 'C:/Users/Student/Documents/Unreal Projects/repos/BT04_BattleTankGame/BattleTankGame/Content/Collections/' was aborted.
[2017.07.07-21.25.58:830][585]LogDirectoryWatcher: A directory notification for 'C:/Users/Student/Documents/Unreal Projects/repos/BT04_BattleTankGame/BattleTankGame/Content/Developers/Student/Collections/' was aborted.
[2017.07.07-21.25.58:830][585]LogDirectoryWatcher: A directory notification for 'C:/Users/Student/Documents/Unreal Projects/repos/BT04_BattleTankGame/BattleTankGame/Saved/Collections/' was aborted.
[2017.07.07-21.25.58:830][585]LogModuleManager: Shutting down and abandoning module StatsViewer (516)
[2017.07.07-21.25.58:842][585]LogModuleManager: Shutting down and abandoning module FoliageEdit (514)
[2017.07.07-21.25.58:842][585]LogModuleManager: Shutting down and abandoning module LandscapeEditor (512)
[2017.07.07-21.25.58:861][585]LogModuleManager: Shutting down and abandoning module MeshPaintMode (510)
[2017.07.07-21.25.58:861][585]LogModuleManager: Shutting down and abandoning module SceneDepthPickerMode (508)
[2017.07.07-21.25.58:861][585]LogModuleManager: Shutting down and abandoning module ActorPickerMode (506)
[2017.07.07-21.25.58:861][585]LogModuleManager: Shutting down and abandoning module GeometryMode (504)
[2017.07.07-21.25.58:861][585]LogModuleManager: Shutting down and abandoning module TextureAlignMode (502)
[2017.07.07-21.25.58:861][585]LogModuleManager: Shutting down and abandoning module BspMode (500)
[2017.07.07-21.25.58:861][585]LogModuleManager: Shutting down and abandoning module HardwareSurvey (498)
[2017.07.07-21.25.58:861][585]LogModuleManager: Shutting down and abandoning module SequenceRecorderSections (496)
[2017.07.07-21.25.58:861][585]LogModuleManager: Shutting down and abandoning module AutomationWorker (494)
[2017.07.07-21.25.58:861][585]LogModuleManager: Shutting down and abandoning module MatineeToLevelSequence (492)
[2017.07.07-21.25.58:861][585]LogModuleManager: Shutting down and abandoning module LevelSequenceEditor (490)
[2017.07.07-21.25.58:881][585]LogModuleManager: Shutting down and abandoning module PlacementMode (489)
[2017.07.07-21.25.58:881][585]LogModuleManager: Shutting down and abandoning module WmfMediaFactory (486)
[2017.07.07-21.25.58:881][585]LogModuleManager: Shutting down and abandoning module WmfMediaEditor (484)
[2017.07.07-21.25.58:881][585]LogModuleManager: Shutting down and abandoning module AvfMediaFactory (482)
[2017.07.07-21.25.58:881][585]LogModuleManager: Shutting down and abandoning module AvfMediaEditor (480)
[2017.07.07-21.25.58:881][585]LogModuleManager: Shutting down and abandoning module AndroidMediaFactory (478)
[2017.07.07-21.25.58:881][585]LogModuleManager: Shutting down and abandoning module Media (477)
[2017.07.07-21.25.58:881][585]LogModuleManager: Shutting down and abandoning module AndroidMediaEditor (474)
[2017.07.07-21.25.58:881][585]LogModuleManager: Shutting down and abandoning module CharacterAI (472)
[2017.07.07-21.25.58:881][585]LogModuleManager: Shutting down and abandoning module AudioCapture (470)
[2017.07.07-21.25.58:881][585]LogModuleManager: Shutting down and abandoning module SequenceRecorder (469)
[2017.07.07-21.25.58:901][585]LogModuleManager: Shutting down and abandoning module SmartSnapping (466)
[2017.07.07-21.25.58:901][585]LogModuleManager: Shutting down and abandoning module SessionServices (464)
[2017.07.07-21.25.58:901][585]LogModuleManager: Shutting down and abandoning module ViewportSnapping (462)
[2017.07.07-21.25.58:901][585]LogModuleManager: Shutting down and abandoning module ViewportInteraction (460)
[2017.07.07-21.25.58:901][585]LogModuleManager: Shutting down and abandoning module ClothPainter (458)
[2017.07.07-21.25.58:919][585]LogModuleManager: Shutting down and abandoning module LogVisualizer (456)
[2017.07.07-21.25.58:919][585]LogModuleManager: Shutting down and abandoning module IntroTutorials (454)
[2017.07.07-21.25.58:919][585]LogModuleManager: Shutting down and abandoning module GameProjectGeneration (453)
[2017.07.07-21.25.58:933][585]LogModuleManager: Shutting down and abandoning module EditorLiveStreaming (450)
[2017.07.07-21.25.58:933][585]LogModuleManager: Shutting down and abandoning module IOSPlatformEditor (448)
[2017.07.07-21.25.58:933][585]LogModuleManager: Shutting down and abandoning module HTML5PlatformEditor (446)
[2017.07.07-21.25.58:933][585]LogModuleManager: Shutting down and abandoning module AndroidPlatformEditor (444)
[2017.07.07-21.25.58:933][585]LogModuleManager: Shutting down and abandoning module AndroidDeviceDetection (443)
[2017.07.07-21.25.58:946][585]LogModuleManager: Shutting down and abandoning module IOSRuntimeSettings (440)
[2017.07.07-21.25.58:946][585]LogModuleManager: Shutting down and abandoning module AndroidRuntimeSettings (438)
[2017.07.07-21.25.58:946][585]LogModuleManager: Shutting down and abandoning module InputBindingEditor (436)
[2017.07.07-21.25.58:946][585]LogModuleManager: Shutting down and abandoning module MergeActors (434)
[2017.07.07-21.25.58:946][585]LogModuleManager: Shutting down and abandoning module SizeMap (432)
[2017.07.07-21.25.58:946][585]LogModuleManager: Shutting down and abandoning module TreeMap (430)
[2017.07.07-21.25.58:946][585]LogModuleManager: Shutting down and abandoning module ReferenceViewer (428)
[2017.07.07-21.25.58:946][585]LogModuleManager: Shutting down and abandoning module LocalizationDashboard (426)
[2017.07.07-21.25.58:946][585]LogModuleManager: Shutting down and abandoning module LocalizationService (425)
[2017.07.07-21.25.58:946][585]LogModuleManager: Shutting down and abandoning module HardwareTargeting (422)
[2017.07.07-21.25.58:946][585]LogModuleManager: Shutting down and abandoning module DeviceProfileEditor (420)
[2017.07.07-21.25.58:946][585]LogModuleManager: Shutting down and abandoning module UndoHistory (418)
[2017.07.07-21.25.58:946][585]LogModuleManager: Shutting down and abandoning module UserFeedback (416)
[2017.07.07-21.25.58:946][585]LogModuleManager: Shutting down and abandoning module XmlParser (414)
[2017.07.07-21.25.58:946][585]LogModuleManager: Shutting down and abandoning module Blutility (412)
[2017.07.07-21.25.58:946][585]LogModuleManager: Shutting down and abandoning module ProjectSettingsViewer (410)
[2017.07.07-21.25.58:946][585]LogModuleManager: Shutting down and abandoning module ProjectTargetPlatformEditor (409)
[2017.07.07-21.25.58:946][585]LogModuleManager: Shutting down and abandoning module EditorSettingsViewer (406)
[2017.07.07-21.25.58:946][585]LogModuleManager: Shutting down and abandoning module SettingsEditor (404)
[2017.07.07-21.25.58:946][585]LogModuleManager: Shutting down and abandoning module ProjectLauncher (402)
[2017.07.07-21.25.58:946][585]LogModuleManager: Shutting down and abandoning module SessionFrontend (400)
[2017.07.07-21.25.58:946][585]LogModuleManager: Shutting down and abandoning module ProfilerClient (398)
[2017.07.07-21.25.58:946][585]LogModuleManager: Shutting down and abandoning module DeviceManager (396)
[2017.07.07-21.25.58:946][585]LogModuleManager: Shutting down and abandoning module TargetDeviceServices (395)
[2017.07.07-21.25.58:997][585]LogModuleManager: Shutting down and abandoning module AutomationController (392)
[2017.07.07-21.25.58:997][585]LogModuleManager: Shutting down and abandoning module AutomationWindow (390)
[2017.07.07-21.25.58:997][585]LogModuleManager: Shutting down and abandoning module Layers (388)
[2017.07.07-21.25.58:997][585]LogModuleManager: Shutting down and abandoning module ComponentVisualizers (386)
[2017.07.07-21.25.58:997][585]LogModuleManager: Shutting down and abandoning module DetailCustomizations (384)
[2017.07.07-21.25.59:013][585]LogModuleManager: Shutting down and abandoning module PackagesDialog (382)
[2017.07.07-21.25.59:013][585]LogModuleManager: Shutting down and abandoning module Persona (380)
[2017.07.07-21.25.59:018][585]LogModuleManager: Shutting down and abandoning module AdvancedPreviewScene (379)
[2017.07.07-21.25.59:018][585]LogModuleManager: Shutting down and abandoning module AnimGraph (377)
[2017.07.07-21.25.59:018][585]LogModuleManager: Shutting down and abandoning module Kismet (374)
[2017.07.07-21.25.59:027][585]LogModuleManager: Shutting down and abandoning module ClassViewer (372)
[2017.07.07-21.25.59:028][585]LogModuleManager: Shutting down and abandoning module Toolbox (370)
[2017.07.07-21.25.59:028][585]LogModuleManager: Shutting down and abandoning module ModuleUI (368)
[2017.07.07-21.25.59:028][585]LogModuleManager: Shutting down and abandoning module MovieSceneTools (366)
[2017.07.07-21.25.59:029][585]LogModuleManager: Shutting down and abandoning module OutputLog (364)
[2017.07.07-21.25.59:029][585]LogModuleManager: Shutting down and abandoning module GammaUI (362)
[2017.07.07-21.25.59:029][585]LogModuleManager: Shutting down and abandoning module Documentation (360)
[2017.07.07-21.25.59:029][585]LogModuleManager: Shutting down and abandoning module MovieSceneTracks (358)
[2017.07.07-21.25.59:029][585]LogModuleManager: Shutting down and abandoning module MovieScene (356)
[2017.07.07-21.25.59:029][585]LogModuleManager: Shutting down and abandoning module Niagara (354)
[2017.07.07-21.25.59:029][585]LogModuleManager: Shutting down and abandoning module NiagaraEditor (353)
[2017.07.07-21.25.59:029][585]LogModuleManager: Shutting down and abandoning module StreamingPauseRendering (350)
[2017.07.07-21.25.59:029][585]LogModuleManager: Shutting down and abandoning module AnalyticsET (348)
[2017.07.07-21.25.59:029][585]LogModuleManager: Shutting down and abandoning module PortalServices (346)
[2017.07.07-21.25.59:029][585]LogModuleManager: Shutting down and abandoning module PortalRpc (344)
[2017.07.07-21.25.59:029][585]LogModuleManager: Shutting down and abandoning module MessagingRpc (342)
[2017.07.07-21.25.59:029][585]LogModuleManager: Shutting down and abandoning module AIModule (340)
[2017.07.07-21.25.59:034][585]LogModuleManager: Shutting down and abandoning module GameplayDebugger (339)
[2017.07.07-21.25.59:042][585]LogModuleManager: Shutting down and abandoning module AITestSuite (337)
[2017.07.07-21.25.59:042][585]LogModuleManager: Shutting down and abandoning module ProfilerService (334)
[2017.07.07-21.25.59:148][585]LogModuleManager: Shutting down and abandoning module TaskGraph (332)
[2017.07.07-21.25.59:148][585]LogModuleManager: Shutting down and abandoning module SubstanceEditor (330)
[2017.07.07-21.25.59:167][585]LogModuleManager: Shutting down and abandoning module SteamVRController (328)
[2017.07.07-21.25.59:167][585]LogModuleManager: Shutting down and abandoning module SteamVR (326)
[2017.07.07-21.25.59:167][585]LogModuleManager: Shutting down and abandoning module ProceduralMeshComponentEditor (324)
[2017.07.07-21.25.59:167][585]LogModuleManager: Shutting down and abandoning module ProceduralMeshComponent (322)
[2017.07.07-21.25.59:167][585]LogModuleManager: Shutting down and abandoning module OculusLibrary (320)
[2017.07.07-21.25.59:167][585]LogModuleManager: Shutting down and abandoning module OculusInput (318)
[2017.07.07-21.25.59:167][585]LogModuleManager: Shutting down and abandoning module MobilePatchingUtils (316)
[2017.07.07-21.25.59:167][585]LogModuleManager: Shutting down and abandoning module CustomMeshComponent (314)
[2017.07.07-21.25.59:167][585]LogModuleManager: Shutting down and abandoning module CableComponent (312)
[2017.07.07-21.25.59:167][585]LogModuleManager: Shutting down and abandoning module ArchVisCharacter (310)
[2017.07.07-21.25.59:167][585]LogModuleManager: Shutting down and abandoning module AndroidPermission (308)
[2017.07.07-21.25.59:167][585]LogModuleManager: Shutting down and abandoning module MediaPlayerEditor (304)
[2017.07.07-21.25.59:167][585]LogModuleManager: Shutting down and abandoning module HTML5Networking (302)
[2017.07.07-21.25.59:167][585]LogModuleManager: Shutting down and abandoning module AlembicImporter (300)
[2017.07.07-21.25.59:167][585]LogModuleManager: Shutting down and abandoning module AlembicLibrary (299)
[2017.07.07-21.25.59:167][585]LogModuleManager: Shutting down and abandoning module GeometryCache (298)
[2017.07.07-21.25.59:167][585]LogModuleManager: Shutting down and abandoning module GeometryCacheEd (297)
[2017.07.07-21.25.59:167][585]LogModuleManager: Shutting down and abandoning module SuperSearchEditor (292)
[2017.07.07-21.25.59:167][585]LogModuleManager: Shutting down and abandoning module SuperSearch (291)
[2017.07.07-21.25.59:167][585]LogModuleManager: Shutting down and abandoning module SpeedTreeImporter (288)
[2017.07.07-21.25.59:167][585]LogModuleManager: Shutting down and abandoning module PluginBrowser (286)
[2017.07.07-21.25.59:167][585]LogModuleManager: Shutting down and abandoning module MobileLauncherProfileWizard (284)
[2017.07.07-21.25.59:167][585]LogModuleManager: Shutting down and abandoning module VisualStudioSourceCodeAccess (282)
[2017.07.07-21.25.59:167][585]LogModuleManager: Shutting down and abandoning module DesktopPlatform (281)
[2017.07.07-21.25.59:167][585]LogModuleManager: Shutting down and abandoning module UObjectPlugin (278)
[2017.07.07-21.25.59:167][585]LogModuleManager: Shutting down and abandoning module SubversionSourceControl (276)
[2017.07.07-21.25.59:167][585]LogModuleManager: Shutting down and abandoning module PerforceSourceControl (274)
[2017.07.07-21.25.59:168][585]LogModuleManager: Shutting down and abandoning module GitSourceControl (272)
[2017.07.07-21.25.59:168][585]LogModuleManager: Shutting down and abandoning module SourceControl (271)
[2017.07.07-21.25.59:205][585]LogModuleManager: Shutting down and abandoning module LightPropagationVolumeEditor (268)
[2017.07.07-21.25.59:205][585]LogModuleManager: Shutting down and abandoning module PaperTiledImporter (266)
[2017.07.07-21.25.59:205][585]LogModuleManager: Shutting down and abandoning module PaperSpriteSheetImporter (264)
[2017.07.07-21.25.59:205][585]LogModuleManager: Shutting down and abandoning module Paper2DEditor (262)
[2017.07.07-21.25.59:205][585]LogModuleManager: Shutting down and abandoning module MeshPaint (261)
[2017.07.07-21.25.59:205][585]LogModuleManager: Shutting down and abandoning module LevelEditor (259)
[2017.07.07-21.25.59:206][585]LogModuleManager: Shutting down and abandoning module PixelInspectorModule (258)
[2017.07.07-21.25.59:206][585]LogModuleManager: Shutting down and abandoning module MainFrame (256)
[2017.07.07-21.25.59:206][585]LogModuleManager: Shutting down and abandoning module HotReload (255)
[2017.07.07-21.25.59:206][585]LogDirectoryWatcher: A directory notification for 'C:/Users/Student/Documents/Unreal Projects/repos/BT04_BattleTankGame/BattleTankGame/Binaries/Win64' was aborted.
[2017.07.07-21.25.59:206][585]LogModuleManager: Shutting down and abandoning module BattleTankGame (250)
[2017.07.07-21.25.59:206][585]LogModuleManager: Shutting down and abandoning module PhysXVehiclesEditor (248)
[2017.07.07-21.25.59:206][585]LogModuleManager: Shutting down and abandoning module PhysXVehicles (246)
[2017.07.07-21.25.59:206][585]LogModuleManager: Shutting down and abandoning module LocationServicesBPLibrary (244)
[2017.07.07-21.25.59:206][585]LogModuleManager: Shutting down and abandoning module ImmediatePhysicsEditor (242)
[2017.07.07-21.25.59:206][585]LogModuleManager: Shutting down and abandoning module ImmediatePhysics (240)
[2017.07.07-21.25.59:206][585]LogModuleManager: Shutting down and abandoning module UdpMessaging (238)
[2017.07.07-21.25.59:306][585]LogModuleManager: Shutting down and abandoning module TcpMessaging (236)
[2017.07.07-21.25.59:406][585]LogModuleManager: Shutting down and abandoning module SubstanceCore (234)
[2017.07.07-21.25.59:406][585]LogModuleManager: Shutting down and abandoning module GameplayTagsEditor (232)
[2017.07.07-21.25.59:406][585]LogModuleManager: Shutting down and abandoning module FacialAnimationEditor (230)
[2017.07.07-21.25.59:406][585]LogModuleManager: Shutting down and abandoning module FacialAnimation (228)
[2017.07.07-21.25.59:406][585]LogModuleManager: Shutting down and abandoning module AssetManagerEditor (226)
[2017.07.07-21.25.59:406][585]LogModuleManager: Shutting down and abandoning module GraphEditor (225)
[2017.07.07-21.25.59:438][585]LogModuleManager: Shutting down and abandoning module ContentBrowser (223)
[2017.07.07-21.25.59:439][585]LogModuleManager: Shutting down and abandoning module LightPropagationVolumeRuntime (220)
[2017.07.07-21.25.59:439][585]LogModuleManager: Shutting down and abandoning module Paper2D (218)
[2017.07.07-21.25.59:439][585]LogModuleManager: Shutting down and abandoning module WindowsMoviePlayer (216)
[2017.07.07-21.25.59:439][585]LogModuleManager: Shutting down and abandoning module WmfMedia (214)
[2017.07.07-21.25.59:449][585]LogModuleManager: Shutting down and abandoning module ClothingSystemEditor (212)
[2017.07.07-21.25.59:450][585]LogModuleManager: Shutting down and abandoning module ClothingSystemRuntime (210)
[2017.07.07-21.25.59:450][585]LogModuleManager: Shutting down and abandoning module MediaAssets (208)
[2017.07.07-21.25.59:450][585]LogModuleManager: Shutting down and abandoning module GameLiveStreaming (206)
[2017.07.07-21.25.59:450][585]LogModuleManager: Shutting down and abandoning module VREditor (204)
[2017.07.07-21.25.59:450][585]LogModuleManager: Shutting down and abandoning module StringTableEditor (202)
[2017.07.07-21.25.59:450][585]LogModuleManager: Shutting down and abandoning module GameplayTasksEditor (200)
[2017.07.07-21.25.59:450][585]LogModuleManager: Shutting down and abandoning module BehaviorTreeEditor (198)
[2017.07.07-21.25.59:450][585]LogModuleManager: Shutting down and abandoning module FunctionalTesting (196)
[2017.07.07-21.25.59:450][585]LogModuleManager: Shutting down and abandoning module CollisionAnalyzer (194)
[2017.07.07-21.25.59:450][585]LogModuleManager: Shutting down and abandoning module UMG (192)
[2017.07.07-21.25.59:458][585]LogModuleManager: Shutting down and abandoning module UMGEditor (191)
[2017.07.07-21.25.59:483][585]LogModuleManager: Shutting down and abandoning module Sequencer (190)
[2017.07.07-21.25.59:506][585]LogModuleManager: Shutting down and abandoning module AssetTools (188)
[2017.07.07-21.25.59:520][585]LogModuleManager: Shutting down and abandoning module MessageLog (187)
[2017.07.07-21.25.59:520][585]LogModuleManager: Shutting down and abandoning module WorkspaceMenuStructure (186)
[2017.07.07-21.25.59:520][585]LogModuleManager: Shutting down and abandoning module SlateReflector (180)
[2017.07.07-21.25.59:520][585]LogModuleManager: Shutting down and abandoning module Slate (178)
[2017.07.07-21.25.59:520][585]LogModuleManager: Shutting down and abandoning module EditorStyle (176)
[2017.07.07-21.25.59:523][585]LogModuleManager: Shutting down and abandoning module SourceCodeAccess (174)
[2017.07.07-21.25.59:523][585]LogModuleManager: Shutting down and abandoning module HeadMountedDisplay (172)
[2017.07.07-21.25.59:523][585]LogModuleManager: Shutting down and abandoning module XAudio2 (170)
[2017.07.07-21.25.59:523][585]LogModuleManager: Shutting down and abandoning module Networking (168)
[2017.07.07-21.25.59:523][585]LogModuleManager: Shutting down and abandoning module Core (164)
[2017.07.07-21.25.59:523][585]LogModuleManager: Shutting down and abandoning module AssetRegistry (162)
[2017.07.07-21.25.59:589][585]LogDirectoryWatcher: A directory notification for '../../../Engine/Content/' was aborted.
[2017.07.07-21.25.59:589][585]LogDirectoryWatcher: A directory notification for '../../../../../../Users/Student/Documents/Unreal Projects/repos/BT04_BattleTankGame/BattleTankGame/Content/' was aborted.
[2017.07.07-21.25.59:589][585]LogDirectoryWatcher: A directory notification for '../../../Engine/Plugins/2D/Paper2D/Content/' was aborted.
[2017.07.07-21.25.59:589][585]LogDirectoryWatcher: A directory notification for '../../../Engine/Plugins/Runtime/GearVR/Content/' was aborted.
[2017.07.07-21.25.59:591][585]LogModuleManager: Shutting down and abandoning module DirectoryWatcher (161)
[2017.07.07-21.25.59:592][585]LogModuleManager: Shutting down and abandoning module KismetCompiler (158)
[2017.07.07-21.25.59:592][585]LogModuleManager: Shutting down and abandoning module PhysXFormats (156)
[2017.07.07-21.25.59:592][585]LogModuleManager: Shutting down and abandoning module MeshUtilities (154)
[2017.07.07-21.25.59:592][585]LogModuleManager: Shutting down and abandoning module SimplygonSwarm (153)
[2017.07.07-21.25.59:592][585]LogModuleManager: Shutting down and abandoning module SimplygonMeshReduction (151)
[2017.07.07-21.25.59:592][585]LogModuleManager: Shutting down and abandoning module QuadricMeshReduction (149)
[2017.07.07-21.25.59:592][585]LogModuleManager: Shutting down and abandoning module LevelSequence (146)
[2017.07.07-21.25.59:592][585]LogModuleManager: Shutting down and abandoning module DerivedDataCache (144)
[2017.07.07-21.25.59:675][585]LogDerivedDataCache: Shutdown
[2017.07.07-21.25.59:675][585]LogModuleManager: Shutting down and abandoning module TargetPlatform (142)
[2017.07.07-21.25.59:675][585]LogModuleManager: Shutting down and abandoning module VulkanShaderFormat (141)
[2017.07.07-21.25.59:675][585]LogModuleManager: Shutting down and abandoning module ShaderFormatVectorVM (139)
[2017.07.07-21.25.59:675][585]LogModuleManager: Shutting down and abandoning module ShaderFormatOpenGL (137)
[2017.07.07-21.25.59:675][585]LogModuleManager: Shutting down and abandoning module ShaderFormatD3D (135)
[2017.07.07-21.25.59:675][585]LogModuleManager: Shutting down and abandoning module MetalShaderFormat (133)
[2017.07.07-21.25.59:675][585]LogModuleManager: Shutting down and abandoning module TextureFormatUncompressed (131)
[2017.07.07-21.25.59:675][585]LogModuleManager: Shutting down and abandoning module TextureFormatPVR (129)
[2017.07.07-21.25.59:675][585]LogModuleManager: Shutting down and abandoning module TextureFormatDXT (127)
[2017.07.07-21.25.59:675][585]LogModuleManager: Shutting down and abandoning module TextureFormatIntelISPCTexComp (125)
[2017.07.07-21.25.59:675][585]LogModuleManager: Shutting down and abandoning module TextureFormatASTC (123)
[2017.07.07-21.25.59:675][585]LogModuleManager: Shutting down and abandoning module ImageWrapper (122)
[2017.07.07-21.25.59:675][585]LogModuleManager: Shutting down and abandoning module TextureFormatAndroid (119)
[2017.07.07-21.25.59:675][585]LogModuleManager: Shutting down and abandoning module AudioFormatOpus (117)
[2017.07.07-21.25.59:675][585]LogModuleManager: Shutting down and abandoning module AudioFormatOgg (115)
[2017.07.07-21.25.59:675][585]LogModuleManager: Shutting down and abandoning module AudioFormatADPCM (113)
[2017.07.07-21.25.59:675][585]LogModuleManager: Shutting down and abandoning module LinuxTargetPlatform (111)
[2017.07.07-21.25.59:675][585]LogModuleManager: Shutting down and abandoning module LinuxServerTargetPlatform (109)
[2017.07.07-21.25.59:675][585]LogModuleManager: Shutting down and abandoning module LinuxNoEditorTargetPlatform (107)
[2017.07.07-21.25.59:675][585]LogModuleManager: Shutting down and abandoning module LinuxClientTargetPlatform (105)
[2017.07.07-21.25.59:675][585]LogModuleManager: Shutting down and abandoning module TVOSTargetPlatform (103)
[2017.07.07-21.25.59:675][585]LogModuleManager: Shutting down and abandoning module Messaging (101)
[2017.07.07-21.25.59:675][585]LogModuleManager: Shutting down and abandoning module IOSTargetPlatform (99)
[2017.07.07-21.25.59:675][585]LogModuleManager: Shutting down and abandoning module HTML5TargetPlatform (97)
[2017.07.07-21.25.59:675][585]LogModuleManager: Shutting down and abandoning module Android_PVRTCTargetPlatform (95)
[2017.07.07-21.25.59:676][585]LogModuleManager: Shutting down and abandoning module Android_MultiTargetPlatform (93)
[2017.07.07-21.25.59:676][585]LogModuleManager: Shutting down and abandoning module Android_ETC2TargetPlatform (91)
[2017.07.07-21.25.59:676][585]LogModuleManager: Shutting down and abandoning module Android_ETC1TargetPlatform (89)
[2017.07.07-21.25.59:676][585]LogModuleManager: Shutting down and abandoning module Android_DXTTargetPlatform (87)
[2017.07.07-21.25.59:676][585]LogModuleManager: Shutting down and abandoning module Android_ATCTargetPlatform (85)
[2017.07.07-21.25.59:676][585]LogModuleManager: Shutting down and abandoning module Android_ASTCTargetPlatform (83)
[2017.07.07-21.25.59:676][585]LogModuleManager: Shutting down and abandoning module AndroidTargetPlatform (81)
[2017.07.07-21.25.59:676][585]LogModuleManager: Shutting down and abandoning module WindowsTargetPlatform (79)
[2017.07.07-21.25.59:676][585]LogModuleManager: Shutting down and abandoning module WindowsServerTargetPlatform (77)
[2017.07.07-21.25.59:676][585]LogModuleManager: Shutting down and abandoning module WindowsNoEditorTargetPlatform (75)
[2017.07.07-21.25.59:676][585]LogModuleManager: Shutting down and abandoning module WindowsClientTargetPlatform (73)
[2017.07.07-21.25.59:676][585]LogModuleManager: Shutting down and abandoning module MacTargetPlatform (71)
[2017.07.07-21.25.59:676][585]LogModuleManager: Shutting down and abandoning module MacServerTargetPlatform (69)
[2017.07.07-21.25.59:676][585]LogModuleManager: Shutting down and abandoning module MacNoEditorTargetPlatform (67)
[2017.07.07-21.25.59:676][585]LogModuleManager: Shutting down and abandoning module MacClientTargetPlatform (65)
[2017.07.07-21.25.59:676][585]LogModuleManager: Shutting down and abandoning module AllDesktopTargetPlatform (63)
[2017.07.07-21.25.59:676][585]LogModuleManager: Shutting down and abandoning module InputCore (60)
[2017.07.07-21.25.59:676][585]LogModuleManager: Shutting down and abandoning module Settings (58)
[2017.07.07-21.25.59:676][585]LogModuleManager: Shutting down and abandoning module OculusRift (56)
[2017.07.07-21.25.59:677][585]LogModuleManager: Shutting down and abandoning module GearVRController (54)
[2017.07.07-21.25.59:677][585]LogModuleManager: Shutting down and abandoning module GearVR (52)
[2017.07.07-21.25.59:694][585]LogModuleManager: Shutting down and abandoning module ExampleDeviceProfileSelector (50)
[2017.07.07-21.25.59:694][585]LogModuleManager: Shutting down and abandoning module OnlineBlueprintSupport (48)
[2017.07.07-21.25.59:694][585]LogModuleManager: Shutting down and abandoning module OnlineSubsystem (44)
[2017.07.07-21.25.59:694][585]LogOnline:Display: Unloading online subsystem: NULL
[2017.07.07-21.25.59:702][585]LogModuleManager: Shutting down and abandoning module XMPP (43)
[2017.07.07-21.25.59:715][585]LogModuleManager: Shutting down and abandoning module HTTP (41)
[2017.07.07-21.25.59:715][585]LogHttp:Display: Http module shutting down, but needs to wait on 1 outstanding Http requests:
[2017.07.07-21.25.59:720][585]LogHttp:Display: 	verb=[POST] url=[https://datarouter.ol.epicgames.com/datarouter/api/v1/public/data?SessionID=%7B4B229D8E-4CE0-91F7-496C-F09C04347603%7D&AppID=UEEditor.Rocket.Release&AppVersion=4.16.2-3514769%2B%2B%2BUE4%2BRelease-4.16&UserID=5e54d1554136225e53d3f2a6ec45e9e6%7C9d7b80dcd27b444daf1da3ca20cd21b0%7C585a0d64-0c68-4b92-a631-2c91e887e7ad&AppEnvironment=datacollector-binary&UploadType=eteventstream] status=Processing
[2017.07.07-21.25.59:732][585]LogModuleManager: Shutting down and abandoning module SSL (40)
[2017.07.07-21.25.59:748][585]LogModuleManager: Shutting down and abandoning module HTTPChunkInstaller (36)
[2017.07.07-21.25.59:749][585]LogModuleManager: Shutting down and abandoning module AnimationModifiers (34)
[2017.07.07-21.25.59:757][585]LogModuleManager: Shutting down and abandoning module PropertyEditor (33)
[2017.07.07-21.25.59:757][585]LogModuleManager: Shutting down and abandoning module AudioEditor (30)
[2017.07.07-21.25.59:877][585]LogModuleManager: Shutting down and abandoning module TextureCompressor (28)
[2017.07.07-21.25.59:877][585]LogModuleManager: Shutting down and abandoning module ShaderCore (26)
[2017.07.07-21.25.59:877][585]LogModuleManager: Shutting down and abandoning module Landscape (24)
[2017.07.07-21.25.59:877][585]LogModuleManager: Shutting down and abandoning module SlateRHIRenderer (22)
[2017.07.07-21.25.59:893][585]LogModuleManager: Shutting down and abandoning module OpenGLDrv (20)
[2017.07.07-21.25.59:911][585]LogModuleManager: Shutting down and abandoning module D3D11RHI (18)
[2017.07.07-21.25.59:911][585]LogModuleManager: Shutting down and abandoning module AnimGraphRuntime (16)
[2017.07.07-21.25.59:911][585]LogModuleManager: Shutting down and abandoning module Renderer (14)
[2017.07.07-21.25.59:911][585]LogModuleManager: Shutting down and abandoning module Engine (12)
[2017.07.07-21.25.59:911][585]LogModuleManager: Shutting down and abandoning module CoreUObject (10)
[2017.07.07-21.25.59:911][585]LogModuleManager: Shutting down and abandoning module NetworkFile (8)
[2017.07.07-21.25.59:911][585]LogModuleManager: Shutting down and abandoning module StreamingFile (6)
[2017.07.07-21.25.59:912][585]LogModuleManager: Shutting down and abandoning module SandboxFile (4)
[2017.07.07-21.25.59:912][585]LogModuleManager: Shutting down and abandoning module PakFile (2)
[2017.07.07-21.25.59:913][585]LogExit: Exiting.
[2017.07.07-21.25.59:921][585]Log file closed, 07/07/17 17:25:59
